<?xml version="1.0" encoding="UTF-8"?>
<testng-results ignored="0" total="1" passed="1" failed="0" skipped="0">
  <reporter-output>
  </reporter-output>
  <suite started-at="2024-03-19T00:37:21 IST" name="Default suite" finished-at="2024-03-19T00:38:48 IST" duration-ms="87259">
    <groups>
    </groups>
    <test started-at="2024-03-19T00:37:21 IST" name="Default test" finished-at="2024-03-19T00:38:48 IST" duration-ms="87259">
      <class name="Basic.AjioTest">
        <test-method signature="ajio1()[pri:0, instance:Basic.AjioTest@6c130c45]" started-at="2024-03-19T00:37:21 IST" name="ajio1" finished-at="2024-03-19T00:38:48 IST" duration-ms="87188" status="PASS">
          <reporter-output>
          </reporter-output>
        </test-method> <!-- ajio1 -->
      </class> <!-- Basic.AjioTest -->
    </test> <!-- Default test -->
  </suite> <!-- Default suite -->
</testng-results>
